{"message":"expected one of `.`, `;`, `?`, `}`, or an operator, found `=>`","code":null,"level":"error","spans":[{"file_name":"src\\main.rs","byte_start":450,"byte_end":452,"line_start":13,"line_end":13,"column_start":20,"column_end":22,"is_primary":true,"text":[{"text":"            Err(_) =>println!(\"Could not make the request !\")","highlight_start":20,"highlight_end":22}],"label":"expected one of `.`, `;`, `?`, `}`, or an operator","suggested_replacement":null,"suggestion_applicability":null,"expansion":null}],"children":[],"rendered":"\u001b[0m\u001b[1m\u001b[38;5;9merror\u001b[0m\u001b[0m\u001b[1m\u001b[38;5;15m: expected one of `.`, `;`, `?`, `}`, or an operator, found `=>`\u001b[0m\n\u001b[0m  \u001b[0m\u001b[0m\u001b[1m\u001b[38;5;14m--> \u001b[0m\u001b[0msrc\\main.rs:13:20\u001b[0m\n\u001b[0m   \u001b[0m\u001b[0m\u001b[1m\u001b[38;5;14m|\u001b[0m\n\u001b[0m\u001b[1m\u001b[38;5;14m13\u001b[0m\u001b[0m \u001b[0m\u001b[0m\u001b[1m\u001b[38;5;14m|\u001b[0m\u001b[0m \u001b[0m\u001b[0m            Err(_) =>println!(\"Could not make the request !\")\u001b[0m\n\u001b[0m   \u001b[0m\u001b[0m\u001b[1m\u001b[38;5;14m| \u001b[0m\u001b[0m                   \u001b[0m\u001b[0m\u001b[1m\u001b[38;5;9m^^\u001b[0m\u001b[0m \u001b[0m\u001b[0m\u001b[1m\u001b[38;5;9mexpected one of `.`, `;`, `?`, `}`, or an operator\u001b[0m\n\n"}
{"message":"mismatched types","code":{"code":"E0308","explanation":"Expected type did not match the received type.\n\nErroneous code examples:\n\n```compile_fail,E0308\nfn plus_one(x: i32) -> i32 {\n    x + 1\n}\n\nplus_one(\"Not a number\");\n//       ^^^^^^^^^^^^^^ expected `i32`, found `&str`\n\nif \"Not a bool\" {\n// ^^^^^^^^^^^^ expected `bool`, found `&str`\n}\n\nlet x: f32 = \"Not a float\";\n//     ---   ^^^^^^^^^^^^^ expected `f32`, found `&str`\n//     |\n//     expected due to this\n```\n\nThis error occurs when an expression was used in a place where the compiler\nexpected an expression of a different type. It can occur in several cases, the\nmost common being when calling a function and passing an argument which has a\ndifferent type than the matching type in the function declaration.\n"},"level":"error","spans":[{"file_name":"src\\main.rs","byte_start":71,"byte_end":87,"line_start":4,"line_end":4,"column_start":9,"column_end":25,"is_primary":true,"text":[{"text":"        Ok(mut response)=>{","highlight_start":9,"highlight_end":25}],"label":"expected opaque type, found enum `Result`","suggested_replacement":null,"suggestion_applicability":null,"expansion":null},{"file_name":"src\\main.rs","byte_start":44,"byte_end":60,"line_start":3,"line_end":3,"column_start":11,"column_end":27,"is_primary":false,"text":[{"text":"    match reqwest::get(\"\") {","highlight_start":11,"highlight_end":27}],"label":"this expression has type `impl Future<Output = Result<Response, reqwest::Error>>`","suggested_replacement":null,"suggestion_applicability":null,"expansion":null}],"children":[{"message":"while checking the return type of the `async fn`","code":null,"level":"note","spans":[{"file_name":"C:\\Users\\user\\.cargo\\registry\\src\\github.com-1ecc6299db9ec823\\reqwest-0.11.12\\src\\lib.rs","byte_start":8862,"byte_end":8885,"line_start":262,"line_end":262,"column_start":41,"column_end":64,"is_primary":true,"text":[{"text":"pub async fn get<T: IntoUrl>(url: T) -> crate::Result<Response> {","highlight_start":41,"highlight_end":64}],"label":"checked the `Output` of this `async fn`, expected opaque type","suggested_replacement":null,"suggestion_applicability":null,"expansion":{"span":{"file_name":"C:\\Users\\user\\.cargo\\registry\\src\\github.com-1ecc6299db9ec823\\reqwest-0.11.12\\src\\lib.rs","byte_start":8862,"byte_end":8885,"line_start":262,"line_end":262,"column_start":41,"column_end":64,"is_primary":false,"text":[{"text":"pub async fn get<T: IntoUrl>(url: T) -> crate::Result<Response> {","highlight_start":41,"highlight_end":64}],"label":null,"suggested_replacement":null,"suggestion_applicability":null,"expansion":null},"macro_decl_name":"desugaring of `async` block or function","def_site_span":{"file_name":"src\\main.rs","byte_start":0,"byte_end":0,"line_start":1,"line_end":1,"column_start":1,"column_end":1,"is_primary":false,"text":[],"label":null,"suggested_replacement":null,"suggestion_applicability":null,"expansion":null}}}],"children":[],"rendered":null},{"message":"expected opaque type `impl Future<Output = Result<Response, reqwest::Error>>`\n          found enum `Result<_, _>`","code":null,"level":"note","spans":[],"children":[],"rendered":null},{"message":"consider `await`ing on the `Future`","code":null,"level":"help","spans":[{"file_name":"src\\main.rs","byte_start":60,"byte_end":60,"line_start":3,"line_end":3,"column_start":27,"column_end":27,"is_primary":true,"text":[{"text":"    match reqwest::get(\"\") {","highlight_start":27,"highlight_end":27}],"label":null,"suggested_replacement":".await","suggestion_applicability":"MaybeIncorrect","expansion":null}],"children":[],"rendered":null}],"rendered":"\u001b[0m\u001b[1m\u001b[38;5;9merror[E0308]\u001b[0m\u001b[0m\u001b[1m\u001b[38;5;15m: mismatched types\u001b[0m\n\u001b[0m   \u001b[0m\u001b[0m\u001b[1m\u001b[38;5;14m--> \u001b[0m\u001b[0msrc\\main.rs:4:9\u001b[0m\n\u001b[0m    \u001b[0m\u001b[0m\u001b[1m\u001b[38;5;14m|\u001b[0m\n\u001b[0m\u001b[1m\u001b[38;5;14m3\u001b[0m\u001b[0m   \u001b[0m\u001b[0m\u001b[1m\u001b[38;5;14m|\u001b[0m\u001b[0m \u001b[0m\u001b[0m    match reqwest::get(\"\") {\u001b[0m\n\u001b[0m    \u001b[0m\u001b[0m\u001b[1m\u001b[38;5;14m| \u001b[0m\u001b[0m          \u001b[0m\u001b[0m\u001b[1m\u001b[38;5;14m----------------\u001b[0m\u001b[0m \u001b[0m\u001b[0m\u001b[1m\u001b[38;5;14mthis expression has type `impl Future<Output = Result<Response, reqwest::Error>>`\u001b[0m\n\u001b[0m\u001b[1m\u001b[38;5;14m4\u001b[0m\u001b[0m   \u001b[0m\u001b[0m\u001b[1m\u001b[38;5;14m|\u001b[0m\u001b[0m \u001b[0m\u001b[0m        Ok(mut response)=>{\u001b[0m\n\u001b[0m    \u001b[0m\u001b[0m\u001b[1m\u001b[38;5;14m| \u001b[0m\u001b[0m        \u001b[0m\u001b[0m\u001b[1m\u001b[38;5;9m^^^^^^^^^^^^^^^^\u001b[0m\u001b[0m \u001b[0m\u001b[0m\u001b[1m\u001b[38;5;9mexpected opaque type, found enum `Result`\u001b[0m\n\u001b[0m    \u001b[0m\u001b[0m\u001b[1m\u001b[38;5;14m|\u001b[0m\n\u001b[0m\u001b[1m\u001b[38;5;10mnote\u001b[0m\u001b[0m: while checking the return type of the `async fn`\u001b[0m\n\u001b[0m   \u001b[0m\u001b[0m\u001b[1m\u001b[38;5;14m--> \u001b[0m\u001b[0mC:\\Users\\user\\.cargo\\registry\\src\\github.com-1ecc6299db9ec823\\reqwest-0.11.12\\src\\lib.rs:262:41\u001b[0m\n\u001b[0m    \u001b[0m\u001b[0m\u001b[1m\u001b[38;5;14m|\u001b[0m\n\u001b[0m\u001b[1m\u001b[38;5;14m262\u001b[0m\u001b[0m \u001b[0m\u001b[0m\u001b[1m\u001b[38;5;14m|\u001b[0m\u001b[0m \u001b[0m\u001b[0mpub async fn get<T: IntoUrl>(url: T) -> crate::Result<Response> {\u001b[0m\n\u001b[0m    \u001b[0m\u001b[0m\u001b[1m\u001b[38;5;14m| \u001b[0m\u001b[0m                                        \u001b[0m\u001b[0m\u001b[1m\u001b[38;5;10m^^^^^^^^^^^^^^^^^^^^^^^\u001b[0m\u001b[0m \u001b[0m\u001b[0m\u001b[1m\u001b[38;5;10mchecked the `Output` of this `async fn`, expected opaque type\u001b[0m\n\u001b[0m    \u001b[0m\u001b[0m\u001b[1m\u001b[38;5;14m= \u001b[0m\u001b[0m\u001b[1m\u001b[38;5;15mnote\u001b[0m\u001b[0m: expected opaque type `\u001b[0m\u001b[0m\u001b[1mimpl Future<Output = Result<Response, reqwest::Error>>\u001b[0m\u001b[0m`\u001b[0m\n\u001b[0m                      found enum `\u001b[0m\u001b[0m\u001b[1mResult<_, _>\u001b[0m\u001b[0m`\u001b[0m\n\u001b[0m\u001b[1m\u001b[38;5;14mhelp\u001b[0m\u001b[0m: consider `await`ing on the `Future`\u001b[0m\n\u001b[0m    \u001b[0m\u001b[0m\u001b[1m\u001b[38;5;14m|\u001b[0m\n\u001b[0m\u001b[1m\u001b[38;5;14m3\u001b[0m\u001b[0m   \u001b[0m\u001b[0m\u001b[1m\u001b[38;5;14m| \u001b[0m\u001b[0m    match reqwest::get(\"\")\u001b[0m\u001b[0m\u001b[38;5;10m.await\u001b[0m\u001b[0m {\u001b[0m\n\u001b[0m    \u001b[0m\u001b[0m\u001b[1m\u001b[38;5;14m|\u001b[0m\u001b[0m                           \u001b[0m\u001b[0m\u001b[38;5;10m++++++\u001b[0m\n\n"}
{"message":"no associated item named `Ok` found for struct `StatusCode` in the current scope","code":{"code":"E0599","explanation":"This error occurs when a method is used on a type which doesn't implement it:\n\nErroneous code example:\n\n```compile_fail,E0599\nstruct Mouth;\n\nlet x = Mouth;\nx.chocolate(); // error: no method named `chocolate` found for type `Mouth`\n               //        in the current scope\n```\n\nIn this case, you need to implement the `chocolate` method to fix the error:\n\n```\nstruct Mouth;\n\nimpl Mouth {\n    fn chocolate(&self) { // We implement the `chocolate` method here.\n        println!(\"Hmmm! I love chocolate!\");\n    }\n}\n\nlet x = Mouth;\nx.chocolate(); // ok!\n```\n"},"level":"error","spans":[{"file_name":"src\\main.rs","byte_start":147,"byte_end":149,"line_start":5,"line_end":5,"column_start":57,"column_end":59,"is_primary":true,"text":[{"text":"            if response.status()== reqwest::StatusCode::Ok{","highlight_start":57,"highlight_end":59}],"label":"associated item not found in `StatusCode`","suggested_replacement":null,"suggestion_applicability":null,"expansion":null}],"children":[{"message":"there is an associated constant with a similar name","code":null,"level":"help","spans":[{"file_name":"src\\main.rs","byte_start":147,"byte_end":149,"line_start":5,"line_end":5,"column_start":57,"column_end":59,"is_primary":true,"text":[{"text":"            if response.status()== reqwest::StatusCode::Ok{","highlight_start":57,"highlight_end":59}],"label":null,"suggested_replacement":"OK","suggestion_applicability":"MaybeIncorrect","expansion":null}],"children":[],"rendered":null}],"rendered":"\u001b[0m\u001b[1m\u001b[38;5;9merror[E0599]\u001b[0m\u001b[0m\u001b[1m\u001b[38;5;15m: no associated item named `Ok` found for struct `StatusCode` in the current scope\u001b[0m\n\u001b[0m \u001b[0m\u001b[0m\u001b[1m\u001b[38;5;14m--> \u001b[0m\u001b[0msrc\\main.rs:5:57\u001b[0m\n\u001b[0m  \u001b[0m\u001b[0m\u001b[1m\u001b[38;5;14m|\u001b[0m\n\u001b[0m\u001b[1m\u001b[38;5;14m5\u001b[0m\u001b[0m \u001b[0m\u001b[0m\u001b[1m\u001b[38;5;14m|\u001b[0m\u001b[0m \u001b[0m\u001b[0m            if response.status()== reqwest::StatusCode::Ok{\u001b[0m\n\u001b[0m  \u001b[0m\u001b[0m\u001b[1m\u001b[38;5;14m| \u001b[0m\u001b[0m                                                        \u001b[0m\u001b[0m\u001b[1m\u001b[38;5;9m^^\u001b[0m\n\u001b[0m  \u001b[0m\u001b[0m\u001b[1m\u001b[38;5;14m| \u001b[0m\u001b[0m                                                        \u001b[0m\u001b[0m\u001b[1m\u001b[38;5;9m|\u001b[0m\n\u001b[0m  \u001b[0m\u001b[0m\u001b[1m\u001b[38;5;14m| \u001b[0m\u001b[0m                                                        \u001b[0m\u001b[0m\u001b[1m\u001b[38;5;9massociated item not found in `StatusCode`\u001b[0m\n\u001b[0m  \u001b[0m\u001b[0m\u001b[1m\u001b[38;5;14m| \u001b[0m\u001b[0m                                                        \u001b[0m\u001b[0m\u001b[1m\u001b[38;5;9mhelp: there is an associated constant with a similar name (notice the capitalization): `OK`\u001b[0m\n\n"}
{"message":"aborting due to 3 previous errors","code":null,"level":"error","spans":[],"children":[],"rendered":"\u001b[0m\u001b[1m\u001b[38;5;9merror\u001b[0m\u001b[0m\u001b[1m\u001b[38;5;15m: aborting due to 3 previous errors\u001b[0m\n\n"}
{"message":"Some errors have detailed explanations: E0308, E0599.","code":null,"level":"failure-note","spans":[],"children":[],"rendered":"\u001b[0m\u001b[1m\u001b[38;5;15mSome errors have detailed explanations: E0308, E0599.\u001b[0m\n"}
{"message":"For more information about an error, try `rustc --explain E0308`.","code":null,"level":"failure-note","spans":[],"children":[],"rendered":"\u001b[0m\u001b[1m\u001b[38;5;15mFor more information about an error, try `rustc --explain E0308`.\u001b[0m\n"}
